{"message":"expected one of `!`, `(`, `+`, `::`, `;`, `<`, or `]`, found `,`","code":null,"level":"error","spans":[{"file_name":"src/main.rs","byte_start":2801,"byte_end":2802,"line_start":68,"line_end":68,"column_start":23,"column_end":24,"is_primary":true,"text":[{"text":"    let mut arr2: [i64, 10] = [0, 1, 2, 3, 4, 5, 6, 7, 8, 9];","highlight_start":23,"highlight_end":24}],"label":"expected one of 7 possible tokens","suggested_replacement":null,"suggestion_applicability":null,"expansion":null},{"file_name":"src/main.rs","byte_start":2787,"byte_end":2795,"line_start":68,"line_end":68,"column_start":9,"column_end":17,"is_primary":false,"text":[{"text":"    let mut arr2: [i64, 10] = [0, 1, 2, 3, 4, 5, 6, 7, 8, 9];","highlight_start":9,"highlight_end":17}],"label":"while parsing the type for `mut arr2`","suggested_replacement":null,"suggestion_applicability":null,"expansion":null}],"children":[{"message":"use `=` if you meant to assign","code":null,"level":"help","spans":[{"file_name":"src/main.rs","byte_start":2795,"byte_end":2796,"line_start":68,"line_end":68,"column_start":17,"column_end":18,"is_primary":true,"text":[{"text":"    let mut arr2: [i64, 10] = [0, 1, 2, 3, 4, 5, 6, 7, 8, 9];","highlight_start":17,"highlight_end":18}],"label":null,"suggested_replacement":" =","suggestion_applicability":"MachineApplicable","expansion":null}],"children":[],"rendered":null}],"rendered":"\u001b[0m\u001b[1m\u001b[38;5;9merror\u001b[0m\u001b[0m\u001b[1m: expected one of `!`, `(`, `+`, `::`, `;`, `<`, or `]`, found `,`\u001b[0m\n\u001b[0m  \u001b[0m\u001b[0m\u001b[1m\u001b[38;5;12m--> \u001b[0m\u001b[0msrc/main.rs:68:23\u001b[0m\n\u001b[0m   \u001b[0m\u001b[0m\u001b[1m\u001b[38;5;12m|\u001b[0m\n\u001b[0m\u001b[1m\u001b[38;5;12m68\u001b[0m\u001b[0m \u001b[0m\u001b[0m\u001b[1m\u001b[38;5;12m|\u001b[0m\u001b[0m \u001b[0m\u001b[0m    let mut arr2: [i64, 10] = [0, 1, 2, 3, 4, 5, 6, 7, 8, 9];\u001b[0m\n\u001b[0m   \u001b[0m\u001b[0m\u001b[1m\u001b[38;5;12m| \u001b[0m\u001b[0m        \u001b[0m\u001b[0m\u001b[1m\u001b[38;5;12m---------\u001b[0m\u001b[0m     \u001b[0m\u001b[0m\u001b[1m\u001b[38;5;9m^\u001b[0m\u001b[0m \u001b[0m\u001b[0m\u001b[1m\u001b[38;5;9mexpected one of 7 possible tokens\u001b[0m\n\u001b[0m   \u001b[0m\u001b[0m\u001b[1m\u001b[38;5;12m| \u001b[0m\u001b[0m        \u001b[0m\u001b[0m\u001b[1m\u001b[38;5;12m|\u001b[0m\u001b[0m       \u001b[0m\u001b[0m\u001b[1m\u001b[38;5;12m|\u001b[0m\n\u001b[0m   \u001b[0m\u001b[0m\u001b[1m\u001b[38;5;12m| \u001b[0m\u001b[0m        \u001b[0m\u001b[0m\u001b[1m\u001b[38;5;12m|\u001b[0m\u001b[0m       \u001b[0m\u001b[0m\u001b[1m\u001b[38;5;12mhelp: use `=` if you meant to assign\u001b[0m\n\u001b[0m   \u001b[0m\u001b[0m\u001b[1m\u001b[38;5;12m| \u001b[0m\u001b[0m        \u001b[0m\u001b[0m\u001b[1m\u001b[38;5;12mwhile parsing the type for `mut arr2`\u001b[0m\n\n"}
{"message":"expected value, found builtin type `i64`","code":{"code":"E0423","explanation":"An identifier was used like a function name or a value was expected and the\nidentifier exists but it belongs to a different namespace.\n\nErroneous code example:\n\n```compile_fail,E0423\nstruct Foo { a: bool };\n\nlet f = Foo();\n// error: expected function, tuple struct or tuple variant, found `Foo`\n// `Foo` is a struct name, but this expression uses it like a function name\n```\n\nPlease verify you didn't misspell the name of what you actually wanted to use\nhere. Example:\n\n```\nfn Foo() -> u32 { 0 }\n\nlet f = Foo(); // ok!\n```\n\nIt is common to forget the trailing `!` on macro invocations, which would also\nyield this error:\n\n```compile_fail,E0423\nprintln(\"\");\n// error: expected function, tuple struct or tuple variant,\n// found macro `println`\n// did you mean `println!(...)`? (notice the trailing `!`)\n```\n\nAnother case where this error is emitted is when a value is expected, but\nsomething else is found:\n\n```compile_fail,E0423\npub mod a {\n    pub const I: i32 = 1;\n}\n\nfn h1() -> i32 {\n    a.I\n    //~^ ERROR expected value, found module `a`\n    // did you mean `a::I`?\n}\n```\n"},"level":"error","spans":[{"file_name":"src/main.rs","byte_start":2798,"byte_end":2801,"line_start":68,"line_end":68,"column_start":20,"column_end":23,"is_primary":true,"text":[{"text":"    let mut arr2: [i64, 10] = [0, 1, 2, 3, 4, 5, 6, 7, 8, 9];","highlight_start":20,"highlight_end":23}],"label":"not a value","suggested_replacement":null,"suggestion_applicability":null,"expansion":null}],"children":[],"rendered":"\u001b[0m\u001b[1m\u001b[38;5;9merror[E0423]\u001b[0m\u001b[0m\u001b[1m: expected value, found builtin type `i64`\u001b[0m\n\u001b[0m  \u001b[0m\u001b[0m\u001b[1m\u001b[38;5;12m--> \u001b[0m\u001b[0msrc/main.rs:68:20\u001b[0m\n\u001b[0m   \u001b[0m\u001b[0m\u001b[1m\u001b[38;5;12m|\u001b[0m\n\u001b[0m\u001b[1m\u001b[38;5;12m68\u001b[0m\u001b[0m \u001b[0m\u001b[0m\u001b[1m\u001b[38;5;12m|\u001b[0m\u001b[0m \u001b[0m\u001b[0m    let mut arr2: [i64, 10] = [0, 1, 2, 3, 4, 5, 6, 7, 8, 9];\u001b[0m\n\u001b[0m   \u001b[0m\u001b[0m\u001b[1m\u001b[38;5;12m| \u001b[0m\u001b[0m                   \u001b[0m\u001b[0m\u001b[1m\u001b[38;5;9m^^^\u001b[0m\u001b[0m \u001b[0m\u001b[0m\u001b[1m\u001b[38;5;9mnot a value\u001b[0m\n\n"}
{"message":"cannot find value `int_input` in this scope","code":{"code":"E0425","explanation":"An unresolved name was used.\n\nErroneous code examples:\n\n```compile_fail,E0425\nsomething_that_doesnt_exist::foo;\n// error: unresolved name `something_that_doesnt_exist::foo`\n\n// or:\n\ntrait Foo {\n    fn bar() {\n        Self; // error: unresolved name `Self`\n    }\n}\n\n// or:\n\nlet x = unknown_variable;  // error: unresolved name `unknown_variable`\n```\n\nPlease verify that the name wasn't misspelled and ensure that the\nidentifier being referred to is valid for the given situation. Example:\n\n```\nenum something_that_does_exist {\n    Foo,\n}\n```\n\nOr:\n\n```\nmod something_that_does_exist {\n    pub static foo : i32 = 0i32;\n}\n\nsomething_that_does_exist::foo; // ok!\n```\n\nOr:\n\n```\nlet unknown_variable = 12u32;\nlet x = unknown_variable; // ok!\n```\n\nIf the item is not defined in the current module, it must be imported using a\n`use` statement, like so:\n\n```\n# mod foo { pub fn bar() {} }\n# fn main() {\nuse foo::bar;\nbar();\n# }\n```\n\nIf the item you are importing is not defined in some super-module of the\ncurrent module, then it must also be declared as public (e.g., `pub fn`).\n"},"level":"error","spans":[{"file_name":"src/main.rs","byte_start":5544,"byte_end":5553,"line_start":126,"line_end":126,"column_start":20,"column_end":29,"is_primary":true,"text":[{"text":"    println!(\"{}\", int_input + 2);","highlight_start":20,"highlight_end":29}],"label":null,"suggested_replacement":null,"suggestion_applicability":null,"expansion":null}],"children":[{"message":"a local variable with a similar name exists","code":null,"level":"help","spans":[{"file_name":"src/main.rs","byte_start":5544,"byte_end":5553,"line_start":126,"line_end":126,"column_start":20,"column_end":29,"is_primary":true,"text":[{"text":"    println!(\"{}\", int_input + 2);","highlight_start":20,"highlight_end":29}],"label":null,"suggested_replacement":"in_input","suggestion_applicability":"MaybeIncorrect","expansion":null}],"children":[],"rendered":null}],"rendered":"\u001b[0m\u001b[1m\u001b[38;5;9merror[E0425]\u001b[0m\u001b[0m\u001b[1m: cannot find value `int_input` in this scope\u001b[0m\n\u001b[0m   \u001b[0m\u001b[0m\u001b[1m\u001b[38;5;12m--> \u001b[0m\u001b[0msrc/main.rs:126:20\u001b[0m\n\u001b[0m    \u001b[0m\u001b[0m\u001b[1m\u001b[38;5;12m|\u001b[0m\n\u001b[0m\u001b[1m\u001b[38;5;12m126\u001b[0m\u001b[0m \u001b[0m\u001b[0m\u001b[1m\u001b[38;5;12m|\u001b[0m\u001b[0m \u001b[0m\u001b[0m    println!(\"{}\", int_input + 2);\u001b[0m\n\u001b[0m    \u001b[0m\u001b[0m\u001b[1m\u001b[38;5;12m| \u001b[0m\u001b[0m                   \u001b[0m\u001b[0m\u001b[1m\u001b[38;5;9m^^^^^^^^^\u001b[0m\u001b[0m \u001b[0m\u001b[0m\u001b[1m\u001b[38;5;9mhelp: a local variable with a similar name exists: `in_input`\u001b[0m\n\n"}
{"message":"pattern requires 2 elements but array has 10","code":{"code":"E0527","explanation":"The number of elements in an array or slice pattern differed from the number of\nelements in the array being matched.\n\nExample of erroneous code:\n\n```compile_fail,E0527\nlet r = &[1, 2, 3, 4];\nmatch r {\n    &[a, b] => { // error: pattern requires 2 elements but array\n                 //        has 4\n        println!(\"a={}, b={}\", a, b);\n    }\n}\n```\n\nEnsure that the pattern is consistent with the size of the matched\narray. Additional elements can be matched with `..`:\n\n```\nlet r = &[1, 2, 3, 4];\nmatch r {\n    &[a, b, ..] => { // ok!\n        println!(\"a={}, b={}\", a, b);\n    }\n}\n```\n"},"level":"error","spans":[{"file_name":"src/main.rs","byte_start":2797,"byte_end":2806,"line_start":68,"line_end":68,"column_start":19,"column_end":28,"is_primary":true,"text":[{"text":"    let mut arr2: [i64, 10] = [0, 1, 2, 3, 4, 5, 6, 7, 8, 9];","highlight_start":19,"highlight_end":28}],"label":"expected 10 elements","suggested_replacement":null,"suggestion_applicability":null,"expansion":null}],"children":[],"rendered":"\u001b[0m\u001b[1m\u001b[38;5;9merror[E0527]\u001b[0m\u001b[0m\u001b[1m: pattern requires 2 elements but array has 10\u001b[0m\n\u001b[0m  \u001b[0m\u001b[0m\u001b[1m\u001b[38;5;12m--> \u001b[0m\u001b[0msrc/main.rs:68:19\u001b[0m\n\u001b[0m   \u001b[0m\u001b[0m\u001b[1m\u001b[38;5;12m|\u001b[0m\n\u001b[0m\u001b[1m\u001b[38;5;12m68\u001b[0m\u001b[0m \u001b[0m\u001b[0m\u001b[1m\u001b[38;5;12m|\u001b[0m\u001b[0m \u001b[0m\u001b[0m    let mut arr2: [i64, 10] = [0, 1, 2, 3, 4, 5, 6, 7, 8, 9];\u001b[0m\n\u001b[0m   \u001b[0m\u001b[0m\u001b[1m\u001b[38;5;12m| \u001b[0m\u001b[0m                  \u001b[0m\u001b[0m\u001b[1m\u001b[38;5;9m^^^^^^^^^\u001b[0m\u001b[0m \u001b[0m\u001b[0m\u001b[1m\u001b[38;5;9mexpected 10 elements\u001b[0m\n\n"}
{"message":"invalid left-hand side of assignment","code":{"code":"E0070","explanation":"An assignment operator was used on a non-place expression.\n\nErroneous code examples:\n\n```compile_fail,E0070\nstruct SomeStruct {\n    x: i32,\n    y: i32,\n}\n\nconst SOME_CONST: i32 = 12;\n\nfn some_other_func() {}\n\nfn some_function() {\n    SOME_CONST = 14; // error: a constant value cannot be changed!\n    1 = 3; // error: 1 isn't a valid place!\n    some_other_func() = 4; // error: we cannot assign value to a function!\n    SomeStruct::x = 12; // error: SomeStruct a structure name but it is used\n                        //        like a variable!\n}\n```\n\nThe left-hand side of an assignment operator must be a place expression. A\nplace expression represents a memory location and can be a variable (with\noptional namespacing), a dereference, an indexing expression or a field\nreference.\n\nMore details can be found in the [Expressions] section of the Reference.\n\n[Expressions]: https://doc.rust-lang.org/reference/expressions.html#places-rvalues-and-temporaries\n\nAnd now let's give working examples:\n\n```\nstruct SomeStruct {\n    x: i32,\n    y: i32,\n}\nlet mut s = SomeStruct { x: 0, y: 0 };\n\ns.x = 3; // that's good !\n\n// ...\n\nfn some_func(x: &mut i32) {\n    *x = 12; // that's good !\n}\n```\n"},"level":"error","spans":[{"file_name":"src/main.rs","byte_start":2803,"byte_end":2805,"line_start":68,"line_end":68,"column_start":25,"column_end":27,"is_primary":false,"text":[{"text":"    let mut arr2: [i64, 10] = [0, 1, 2, 3, 4, 5, 6, 7, 8, 9];","highlight_start":25,"highlight_end":27}],"label":"cannot assign to this expression","suggested_replacement":null,"suggestion_applicability":null,"expansion":null},{"file_name":"src/main.rs","byte_start":2807,"byte_end":2808,"line_start":68,"line_end":68,"column_start":29,"column_end":30,"is_primary":true,"text":[{"text":"    let mut arr2: [i64, 10] = [0, 1, 2, 3, 4, 5, 6, 7, 8, 9];","highlight_start":29,"highlight_end":30}],"label":null,"suggested_replacement":null,"suggestion_applicability":null,"expansion":null}],"children":[],"rendered":"\u001b[0m\u001b[1m\u001b[38;5;9merror[E0070]\u001b[0m\u001b[0m\u001b[1m: invalid left-hand side of assignment\u001b[0m\n\u001b[0m  \u001b[0m\u001b[0m\u001b[1m\u001b[38;5;12m--> \u001b[0m\u001b[0msrc/main.rs:68:29\u001b[0m\n\u001b[0m   \u001b[0m\u001b[0m\u001b[1m\u001b[38;5;12m|\u001b[0m\n\u001b[0m\u001b[1m\u001b[38;5;12m68\u001b[0m\u001b[0m \u001b[0m\u001b[0m\u001b[1m\u001b[38;5;12m|\u001b[0m\u001b[0m \u001b[0m\u001b[0m    let mut arr2: [i64, 10] = [0, 1, 2, 3, 4, 5, 6, 7, 8, 9];\u001b[0m\n\u001b[0m   \u001b[0m\u001b[0m\u001b[1m\u001b[38;5;12m| \u001b[0m\u001b[0m                        \u001b[0m\u001b[0m\u001b[1m\u001b[38;5;12m--\u001b[0m\u001b[0m  \u001b[0m\u001b[0m\u001b[1m\u001b[38;5;9m^\u001b[0m\n\u001b[0m   \u001b[0m\u001b[0m\u001b[1m\u001b[38;5;12m| \u001b[0m\u001b[0m                        \u001b[0m\u001b[0m\u001b[1m\u001b[38;5;12m|\u001b[0m\n\u001b[0m   \u001b[0m\u001b[0m\u001b[1m\u001b[38;5;12m| \u001b[0m\u001b[0m                        \u001b[0m\u001b[0m\u001b[1m\u001b[38;5;12mcannot assign to this expression\u001b[0m\n\n"}
{"message":"cannot index into a value of type `()`","code":{"code":"E0608","explanation":"An attempt to use index on a type which doesn't implement the `std::ops::Index`\ntrait was performed.\n\nErroneous code example:\n\n```compile_fail,E0608\n0u8[2]; // error: cannot index into a value of type `u8`\n```\n\nTo be able to index into a type it needs to implement the `std::ops::Index`\ntrait. Example:\n\n```\nlet v: Vec<u8> = vec![0, 1, 2, 3];\n\n// The `Vec` type implements the `Index` trait so you can do:\nprintln!(\"{}\", v[2]);\n```\n"},"level":"error","spans":[{"file_name":"src/main.rs","byte_start":2917,"byte_end":2920,"line_start":70,"line_end":70,"column_start":9,"column_end":12,"is_primary":true,"text":[{"text":"    arr2[3] = 27;","highlight_start":9,"highlight_end":12}],"label":null,"suggested_replacement":null,"suggestion_applicability":null,"expansion":null}],"children":[{"message":"to access tuple elements, use tuple indexing syntax (e.g., `tuple.0`)","code":null,"level":"help","spans":[],"children":[],"rendered":null}],"rendered":"\u001b[0m\u001b[1m\u001b[38;5;9merror[E0608]\u001b[0m\u001b[0m\u001b[1m: cannot index into a value of type `()`\u001b[0m\n\u001b[0m  \u001b[0m\u001b[0m\u001b[1m\u001b[38;5;12m--> \u001b[0m\u001b[0msrc/main.rs:70:9\u001b[0m\n\u001b[0m   \u001b[0m\u001b[0m\u001b[1m\u001b[38;5;12m|\u001b[0m\n\u001b[0m\u001b[1m\u001b[38;5;12m70\u001b[0m\u001b[0m \u001b[0m\u001b[0m\u001b[1m\u001b[38;5;12m|\u001b[0m\u001b[0m \u001b[0m\u001b[0m    arr2[3] = 27;\u001b[0m\n\u001b[0m   \u001b[0m\u001b[0m\u001b[1m\u001b[38;5;12m| \u001b[0m\u001b[0m        \u001b[0m\u001b[0m\u001b[1m\u001b[38;5;9m^^^\u001b[0m\n\u001b[0m   \u001b[0m\u001b[0m\u001b[1m\u001b[38;5;12m|\u001b[0m\n\u001b[0m   \u001b[0m\u001b[0m\u001b[1m\u001b[38;5;12m= \u001b[0m\u001b[0m\u001b[1mhelp\u001b[0m\u001b[0m: to access tuple elements, use tuple indexing syntax (e.g., `tuple.0`)\u001b[0m\n\n"}
{"message":"mismatched types","code":{"code":"E0308","explanation":"Expected type did not match the received type.\n\nErroneous code examples:\n\n```compile_fail,E0308\nfn plus_one(x: i32) -> i32 {\n    x + 1\n}\n\nplus_one(\"Not a number\");\n//       ^^^^^^^^^^^^^^ expected `i32`, found `&str`\n\nif \"Not a bool\" {\n// ^^^^^^^^^^^^ expected `bool`, found `&str`\n}\n\nlet x: f32 = \"Not a float\";\n//     ---   ^^^^^^^^^^^^^ expected `f32`, found `&str`\n//     |\n//     expected due to this\n```\n\nThis error occurs when an expression was used in a place where the compiler\nexpected an expression of a different type. It can occur in several cases, the\nmost common being when calling a function and passing an argument which has a\ndifferent type than the matching type in the function declaration.\n"},"level":"error","spans":[{"file_name":"src/main.rs","byte_start":4547,"byte_end":4557,"line_start":109,"line_end":109,"column_start":17,"column_end":27,"is_primary":true,"text":[{"text":"    let c = x / (y as i64); // this will allow you to perform the desired operation by treating the originally i32 variable as a i64 for this line of code only","highlight_start":17,"highlight_end":27}],"label":"expected `u8`, found `i64`","suggested_replacement":null,"suggestion_applicability":null,"expansion":null}],"children":[],"rendered":"\u001b[0m\u001b[1m\u001b[38;5;9merror[E0308]\u001b[0m\u001b[0m\u001b[1m: mismatched types\u001b[0m\n\u001b[0m   \u001b[0m\u001b[0m\u001b[1m\u001b[38;5;12m--> \u001b[0m\u001b[0msrc/main.rs:109:17\u001b[0m\n\u001b[0m    \u001b[0m\u001b[0m\u001b[1m\u001b[38;5;12m|\u001b[0m\n\u001b[0m\u001b[1m\u001b[38;5;12m109\u001b[0m\u001b[0m \u001b[0m\u001b[0m\u001b[1m\u001b[38;5;12m|\u001b[0m\u001b[0m \u001b[0m\u001b[0m    let c = x / (y as i64); // this will allow you to perform the desired operation by treating the originally i32 variable as a i64 for this line of code only\u001b[0m\n\u001b[0m    \u001b[0m\u001b[0m\u001b[1m\u001b[38;5;12m| \u001b[0m\u001b[0m                \u001b[0m\u001b[0m\u001b[1m\u001b[38;5;9m^^^^^^^^^^\u001b[0m\u001b[0m \u001b[0m\u001b[0m\u001b[1m\u001b[38;5;9mexpected `u8`, found `i64`\u001b[0m\n\n"}
{"message":"cannot divide `u8` by `i64`","code":{"code":"E0277","explanation":"You tried to use a type which doesn't implement some trait in a place which\nexpected that trait.\n\nErroneous code example:\n\n```compile_fail,E0277\n// here we declare the Foo trait with a bar method\ntrait Foo {\n    fn bar(&self);\n}\n\n// we now declare a function which takes an object implementing the Foo trait\nfn some_func<T: Foo>(foo: T) {\n    foo.bar();\n}\n\nfn main() {\n    // we now call the method with the i32 type, which doesn't implement\n    // the Foo trait\n    some_func(5i32); // error: the trait bound `i32 : Foo` is not satisfied\n}\n```\n\nIn order to fix this error, verify that the type you're using does implement\nthe trait. Example:\n\n```\ntrait Foo {\n    fn bar(&self);\n}\n\n// we implement the trait on the i32 type\nimpl Foo for i32 {\n    fn bar(&self) {}\n}\n\nfn some_func<T: Foo>(foo: T) {\n    foo.bar(); // we can now use this method since i32 implements the\n               // Foo trait\n}\n\nfn main() {\n    some_func(5i32); // ok!\n}\n```\n\nOr in a generic context, an erroneous code example would look like:\n\n```compile_fail,E0277\nfn some_func<T>(foo: T) {\n    println!(\"{:?}\", foo); // error: the trait `core::fmt::Debug` is not\n                           //        implemented for the type `T`\n}\n\nfn main() {\n    // We now call the method with the i32 type,\n    // which *does* implement the Debug trait.\n    some_func(5i32);\n}\n```\n\nNote that the error here is in the definition of the generic function. Although\nwe only call it with a parameter that does implement `Debug`, the compiler\nstill rejects the function. It must work with all possible input types. In\norder to make this example compile, we need to restrict the generic type we're\naccepting:\n\n```\nuse std::fmt;\n\n// Restrict the input type to types that implement Debug.\nfn some_func<T: fmt::Debug>(foo: T) {\n    println!(\"{:?}\", foo);\n}\n\nfn main() {\n    // Calling the method is still fine, as i32 implements Debug.\n    some_func(5i32);\n\n    // This would fail to compile now:\n    // struct WithoutDebug;\n    // some_func(WithoutDebug);\n}\n```\n\nRust only looks at the signature of the called function, as such it must\nalready specify all requirements that will be used for every type parameter.\n"},"level":"error","spans":[{"file_name":"src/main.rs","byte_start":4545,"byte_end":4546,"line_start":109,"line_end":109,"column_start":15,"column_end":16,"is_primary":true,"text":[{"text":"    let c = x / (y as i64); // this will allow you to perform the desired operation by treating the originally i32 variable as a i64 for this line of code only","highlight_start":15,"highlight_end":16}],"label":"no implementation for `u8 / i64`","suggested_replacement":null,"suggestion_applicability":null,"expansion":null}],"children":[{"message":"the trait `Div<i64>` is not implemented for `u8`","code":null,"level":"help","spans":[],"children":[],"rendered":null},{"message":"the following other types implement trait `Div<Rhs>`:\n  <u8 as Div>\n  <u8 as Div<NonZeroU8>>\n  <u8 as Div<&u8>>\n  <&'a u8 as Div<u8>>\n  <&u8 as Div<&u8>>","code":null,"level":"help","spans":[],"children":[],"rendered":null}],"rendered":"\u001b[0m\u001b[1m\u001b[38;5;9merror[E0277]\u001b[0m\u001b[0m\u001b[1m: cannot divide `u8` by `i64`\u001b[0m\n\u001b[0m   \u001b[0m\u001b[0m\u001b[1m\u001b[38;5;12m--> \u001b[0m\u001b[0msrc/main.rs:109:15\u001b[0m\n\u001b[0m    \u001b[0m\u001b[0m\u001b[1m\u001b[38;5;12m|\u001b[0m\n\u001b[0m\u001b[1m\u001b[38;5;12m109\u001b[0m\u001b[0m \u001b[0m\u001b[0m\u001b[1m\u001b[38;5;12m|\u001b[0m\u001b[0m \u001b[0m\u001b[0m    let c = x / (y as i64); // this will allow you to perform the desired operation by treating the originally i32 variable as a i64 for this line of code only\u001b[0m\n\u001b[0m    \u001b[0m\u001b[0m\u001b[1m\u001b[38;5;12m| \u001b[0m\u001b[0m              \u001b[0m\u001b[0m\u001b[1m\u001b[38;5;9m^\u001b[0m\u001b[0m \u001b[0m\u001b[0m\u001b[1m\u001b[38;5;9mno implementation for `u8 / i64`\u001b[0m\n\u001b[0m    \u001b[0m\u001b[0m\u001b[1m\u001b[38;5;12m|\u001b[0m\n\u001b[0m    \u001b[0m\u001b[0m\u001b[1m\u001b[38;5;12m= \u001b[0m\u001b[0m\u001b[1mhelp\u001b[0m\u001b[0m: the trait `Div<i64>` is not implemented for `u8`\u001b[0m\n\u001b[0m    \u001b[0m\u001b[0m\u001b[1m\u001b[38;5;12m= \u001b[0m\u001b[0m\u001b[1mhelp\u001b[0m\u001b[0m: the following other types implement trait `Div<Rhs>`:\u001b[0m\n\u001b[0m              <u8 as Div>\u001b[0m\n\u001b[0m              <u8 as Div<NonZeroU8>>\u001b[0m\n\u001b[0m              <u8 as Div<&u8>>\u001b[0m\n\u001b[0m              <&'a u8 as Div<u8>>\u001b[0m\n\u001b[0m              <&u8 as Div<&u8>>\u001b[0m\n\n"}
{"message":"mismatched types","code":{"code":"E0308","explanation":"Expected type did not match the received type.\n\nErroneous code examples:\n\n```compile_fail,E0308\nfn plus_one(x: i32) -> i32 {\n    x + 1\n}\n\nplus_one(\"Not a number\");\n//       ^^^^^^^^^^^^^^ expected `i32`, found `&str`\n\nif \"Not a bool\" {\n// ^^^^^^^^^^^^ expected `bool`, found `&str`\n}\n\nlet x: f32 = \"Not a float\";\n//     ---   ^^^^^^^^^^^^^ expected `f32`, found `&str`\n//     |\n//     expected due to this\n```\n\nThis error occurs when an expression was used in a place where the compiler\nexpected an expression of a different type. It can occur in several cases, the\nmost common being when calling a function and passing an argument which has a\ndifferent type than the matching type in the function declaration.\n"},"level":"error","spans":[{"file_name":"src/main.rs","byte_start":4915,"byte_end":4916,"line_start":116,"line_end":116,"column_start":25,"column_end":26,"is_primary":true,"text":[{"text":"    let zz = x as i32 / y; // compiler will not catch this error, BE CAREFUL WHEN YOU TYPE CAST","highlight_start":25,"highlight_end":26}],"label":"expected `i32`, found `u8`","suggested_replacement":null,"suggestion_applicability":null,"expansion":null}],"children":[],"rendered":"\u001b[0m\u001b[1m\u001b[38;5;9merror[E0308]\u001b[0m\u001b[0m\u001b[1m: mismatched types\u001b[0m\n\u001b[0m   \u001b[0m\u001b[0m\u001b[1m\u001b[38;5;12m--> \u001b[0m\u001b[0msrc/main.rs:116:25\u001b[0m\n\u001b[0m    \u001b[0m\u001b[0m\u001b[1m\u001b[38;5;12m|\u001b[0m\n\u001b[0m\u001b[1m\u001b[38;5;12m116\u001b[0m\u001b[0m \u001b[0m\u001b[0m\u001b[1m\u001b[38;5;12m|\u001b[0m\u001b[0m \u001b[0m\u001b[0m    let zz = x as i32 / y; // compiler will not catch this error, BE CAREFUL WHEN YOU TYPE CAST\u001b[0m\n\u001b[0m    \u001b[0m\u001b[0m\u001b[1m\u001b[38;5;12m| \u001b[0m\u001b[0m                        \u001b[0m\u001b[0m\u001b[1m\u001b[38;5;9m^\u001b[0m\u001b[0m \u001b[0m\u001b[0m\u001b[1m\u001b[38;5;9mexpected `i32`, found `u8`\u001b[0m\n\n"}
{"message":"cannot divide `i32` by `u8`","code":{"code":"E0277","explanation":"You tried to use a type which doesn't implement some trait in a place which\nexpected that trait.\n\nErroneous code example:\n\n```compile_fail,E0277\n// here we declare the Foo trait with a bar method\ntrait Foo {\n    fn bar(&self);\n}\n\n// we now declare a function which takes an object implementing the Foo trait\nfn some_func<T: Foo>(foo: T) {\n    foo.bar();\n}\n\nfn main() {\n    // we now call the method with the i32 type, which doesn't implement\n    // the Foo trait\n    some_func(5i32); // error: the trait bound `i32 : Foo` is not satisfied\n}\n```\n\nIn order to fix this error, verify that the type you're using does implement\nthe trait. Example:\n\n```\ntrait Foo {\n    fn bar(&self);\n}\n\n// we implement the trait on the i32 type\nimpl Foo for i32 {\n    fn bar(&self) {}\n}\n\nfn some_func<T: Foo>(foo: T) {\n    foo.bar(); // we can now use this method since i32 implements the\n               // Foo trait\n}\n\nfn main() {\n    some_func(5i32); // ok!\n}\n```\n\nOr in a generic context, an erroneous code example would look like:\n\n```compile_fail,E0277\nfn some_func<T>(foo: T) {\n    println!(\"{:?}\", foo); // error: the trait `core::fmt::Debug` is not\n                           //        implemented for the type `T`\n}\n\nfn main() {\n    // We now call the method with the i32 type,\n    // which *does* implement the Debug trait.\n    some_func(5i32);\n}\n```\n\nNote that the error here is in the definition of the generic function. Although\nwe only call it with a parameter that does implement `Debug`, the compiler\nstill rejects the function. It must work with all possible input types. In\norder to make this example compile, we need to restrict the generic type we're\naccepting:\n\n```\nuse std::fmt;\n\n// Restrict the input type to types that implement Debug.\nfn some_func<T: fmt::Debug>(foo: T) {\n    println!(\"{:?}\", foo);\n}\n\nfn main() {\n    // Calling the method is still fine, as i32 implements Debug.\n    some_func(5i32);\n\n    // This would fail to compile now:\n    // struct WithoutDebug;\n    // some_func(WithoutDebug);\n}\n```\n\nRust only looks at the signature of the called function, as such it must\nalready specify all requirements that will be used for every type parameter.\n"},"level":"error","spans":[{"file_name":"src/main.rs","byte_start":4913,"byte_end":4914,"line_start":116,"line_end":116,"column_start":23,"column_end":24,"is_primary":true,"text":[{"text":"    let zz = x as i32 / y; // compiler will not catch this error, BE CAREFUL WHEN YOU TYPE CAST","highlight_start":23,"highlight_end":24}],"label":"no implementation for `i32 / u8`","suggested_replacement":null,"suggestion_applicability":null,"expansion":null}],"children":[{"message":"the trait `Div<u8>` is not implemented for `i32`","code":null,"level":"help","spans":[],"children":[],"rendered":null},{"message":"the following other types implement trait `Div<Rhs>`:\n  <i32 as Div>\n  <i32 as Div<&i32>>\n  <&'a i32 as Div<i32>>\n  <&i32 as Div<&i32>>","code":null,"level":"help","spans":[],"children":[],"rendered":null}],"rendered":"\u001b[0m\u001b[1m\u001b[38;5;9merror[E0277]\u001b[0m\u001b[0m\u001b[1m: cannot divide `i32` by `u8`\u001b[0m\n\u001b[0m   \u001b[0m\u001b[0m\u001b[1m\u001b[38;5;12m--> \u001b[0m\u001b[0msrc/main.rs:116:23\u001b[0m\n\u001b[0m    \u001b[0m\u001b[0m\u001b[1m\u001b[38;5;12m|\u001b[0m\n\u001b[0m\u001b[1m\u001b[38;5;12m116\u001b[0m\u001b[0m \u001b[0m\u001b[0m\u001b[1m\u001b[38;5;12m|\u001b[0m\u001b[0m \u001b[0m\u001b[0m    let zz = x as i32 / y; // compiler will not catch this error, BE CAREFUL WHEN YOU TYPE CAST\u001b[0m\n\u001b[0m    \u001b[0m\u001b[0m\u001b[1m\u001b[38;5;12m| \u001b[0m\u001b[0m                      \u001b[0m\u001b[0m\u001b[1m\u001b[38;5;9m^\u001b[0m\u001b[0m \u001b[0m\u001b[0m\u001b[1m\u001b[38;5;9mno implementation for `i32 / u8`\u001b[0m\n\u001b[0m    \u001b[0m\u001b[0m\u001b[1m\u001b[38;5;12m|\u001b[0m\n\u001b[0m    \u001b[0m\u001b[0m\u001b[1m\u001b[38;5;12m= \u001b[0m\u001b[0m\u001b[1mhelp\u001b[0m\u001b[0m: the trait `Div<u8>` is not implemented for `i32`\u001b[0m\n\u001b[0m    \u001b[0m\u001b[0m\u001b[1m\u001b[38;5;12m= \u001b[0m\u001b[0m\u001b[1mhelp\u001b[0m\u001b[0m: the following other types implement trait `Div<Rhs>`:\u001b[0m\n\u001b[0m              <i32 as Div>\u001b[0m\n\u001b[0m              <i32 as Div<&i32>>\u001b[0m\n\u001b[0m              <&'a i32 as Div<i32>>\u001b[0m\n\u001b[0m              <&i32 as Div<&i32>>\u001b[0m\n\n"}
{"message":"aborting due to 10 previous errors","code":null,"level":"error","spans":[],"children":[],"rendered":"\u001b[0m\u001b[1m\u001b[38;5;9merror\u001b[0m\u001b[0m\u001b[1m: aborting due to 10 previous errors\u001b[0m\n\n"}
{"message":"Some errors have detailed explanations: E0070, E0277, E0308, E0423, E0425, E0527, E0608.","code":null,"level":"failure-note","spans":[],"children":[],"rendered":"\u001b[0m\u001b[1mSome errors have detailed explanations: E0070, E0277, E0308, E0423, E0425, E0527, E0608.\u001b[0m\n"}
{"message":"For more information about an error, try `rustc --explain E0070`.","code":null,"level":"failure-note","spans":[],"children":[],"rendered":"\u001b[0m\u001b[1mFor more information about an error, try `rustc --explain E0070`.\u001b[0m\n"}
